<?xml version="1.0" encoding="utf-8"?><testsuites name="pytest tests"><testsuite name="pytest" errors="0" failures="3" skipped="2" tests="24" time="13.712" timestamp="2026-04-16T19:59:01.405374+00:00" hostname="agent-env-0e0be3bf-5820-46e6-aa28-5fbc4438cc31"><testcase classname="tests.test_aura_backend.TestHealth" name="test_root_endpoint" time="0.258" /><testcase classname="tests.test_aura_backend.TestHealth" name="test_health_endpoint" time="0.280" /><testcase classname="tests.test_aura_backend.TestAuth" name="test_register_new_user" time="0.379" /><testcase classname="tests.test_aura_backend.TestAuth" name="test_register_duplicate_email" time="0.466" /><testcase classname="tests.test_aura_backend.TestAuth" name="test_login_admin" time="0.563" /><testcase classname="tests.test_aura_backend.TestAuth" name="test_login_invalid_credentials" time="0.397" /><testcase classname="tests.test_aura_backend.TestAuth" name="test_get_me_with_token" time="0.417" /><testcase classname="tests.test_aura_backend.TestAuth" name="test_get_me_without_token" time="0.155" /><testcase classname="tests.test_aura_backend.TestAuth" name="test_brute_force_protection" time="2.089"><failure message="assert 401 == 429&#10; +  where 401 = &lt;Response [401]&gt;.status_code">tests/test_aura_backend.py:193: in test_brute_force_protection
    assert response.status_code == 429
E   assert 401 == 429
E    +  where 401 = &lt;Response [401]&gt;.status_code</failure></testcase><testcase classname="tests.test_aura_backend.TestMemories" name="test_create_memory_and_verify" time="0.897" /><testcase classname="tests.test_aura_backend.TestMemories" name="test_list_memories" time="0.711" /><testcase classname="tests.test_aura_backend.TestMemories" name="test_delete_memory" time="0.848" /><testcase classname="tests.test_aura_backend.TestMemories" name="test_memories_require_auth" time="0.208" /><testcase classname="tests.test_aura_backend.TestTodos" name="test_create_todo_and_verify" time="0.810" /><testcase classname="tests.test_aura_backend.TestTodos" name="test_toggle_todo_done" time="0.113"><skipped type="pytest.skip" message="Test user registration failed: 400">/app/backend/tests/test_aura_backend.py:311: Test user registration failed: 400</skipped></testcase><testcase classname="tests.test_aura_backend.TestTodos" name="test_delete_todo" time="0.785" /><testcase classname="tests.test_aura_backend.TestTodos" name="test_todos_require_auth" time="0.143" /><testcase classname="tests.test_aura_backend.TestAssistant" name="test_assistant_chat" time="2.117"><failure message="assert 500 == 200&#10; +  where 500 = &lt;Response [500]&gt;.status_code">tests/test_aura_backend.py:386: in test_assistant_chat
    assert response.status_code == 200
E   assert 500 == 200
E    +  where 500 = &lt;Response [500]&gt;.status_code</failure></testcase><testcase classname="tests.test_aura_backend.TestAssistant" name="test_assistant_chat_with_session" time="0.757"><failure message="requests.exceptions.JSONDecodeError: Expecting value: line 1 column 1 (char 0)">/root/.venv/lib/python3.11/site-packages/requests/models.py:978: in json
    return complexjson.loads(self.text, **kwargs)
           ^^^^^^^^^^^^^^^^^^^^^^^^^^^^^^^^^^^^^^
/usr/local/lib/python3.11/json/__init__.py:346: in loads
    return _default_decoder.decode(s)
           ^^^^^^^^^^^^^^^^^^^^^^^^^^
/usr/local/lib/python3.11/json/decoder.py:337: in decode
    obj, end = self.raw_decode(s, idx=_w(s, 0).end())
               ^^^^^^^^^^^^^^^^^^^^^^^^^^^^^^^^^^^^^^
/usr/local/lib/python3.11/json/decoder.py:355: in raw_decode
    raise JSONDecodeError("Expecting value", s, err.value) from None
E   json.decoder.JSONDecodeError: Expecting value: line 1 column 1 (char 0)

During handling of the above exception, another exception occurred:
tests/test_aura_backend.py:403: in test_assistant_chat_with_session
    session_id = response1.json()["session_id"]
                 ^^^^^^^^^^^^^^^^
/root/.venv/lib/python3.11/site-packages/requests/models.py:982: in json
    raise RequestsJSONDecodeError(e.msg, e.doc, e.pos)
E   requests.exceptions.JSONDecodeError: Expecting value: line 1 column 1 (char 0)</failure></testcase><testcase classname="tests.test_aura_backend.TestAssistant" name="test_assistant_requires_auth" time="0.128" /><testcase classname="tests.test_aura_backend.TestTranscribe" name="test_transcribe_invalid_base64" time="0.667" /><testcase classname="tests.test_aura_backend.TestTranscribe" name="test_transcribe_requires_auth" time="0.115" /><testcase classname="tests.test_aura_backend.TestGateway" name="test_gateway_supabase_mocked" time="0.114"><skipped type="pytest.skip" message="Test user registration failed: 400">/app/backend/tests/test_aura_backend.py:456: Test user registration failed: 400</skipped></testcase><testcase classname="tests.test_aura_backend.TestGateway" name="test_gateway_requires_auth" time="0.141" /></testsuite></testsuites>